memory/wiki/index.md (updated=2026-01-02, newest source=2026-03-01)
  - AGENTS.md (2026-03-01)
memory/wiki/log.md (updated=2026-01-02, newest source=2026-03-01)
  - AGENTS.md (2026-03-01)
memory/wiki/schema.md (updated=2026-01-02, newest source=2026-03-01)
  - AGENTS.md (2026-03-01)
memory/wiki/topics/alpha.md (updated=2026-01-02, newest source=2026-03-01)
  - README.md (2026-03-01)
memory/wiki/topics/multi-stale.md (updated=2026-01-02, newest source=2026-03-01)
  - AGENTS.md (2026-03-01)
  - CONTRIBUTING.md (2026-03-01)
  - MEMORY.md (2026-03-01)
  - README.md (2026-03-01)
  - SOUL.md (2026-03-01)
  - ... +2 more
memory/wiki/topics/related-only.md (updated=2026-01-02, newest source=2026-03-01)
  - README.md (2026-03-01)
memory/wiki/topics/second-stale.md (updated=2026-01-02, newest source=2026-02-01)
  - docs/README.md (2026-02-01)
memory/wiki/topics/shared notes.md (updated=2026-01-02, newest source=2026-02-01)
  - docs/README.md (2026-02-01)

8 wiki pages have sources newer than their updated date
